<?xml version="1.0" encoding="UTF-8" standalone="no"?>
<!DOCTYPE log SYSTEM "logger.dtd">
<log>
<record>
  <date>2022-12-19T05:07:37.265044Z</date>
  <millis>1671426457265</millis>
  <nanos>44000</nanos>
  <sequence>0</sequence>
  <logger>zadacha_002</logger>
  <level>INFO</level>
  <class>zadacha_002</class>
  <method>main</method>
  <thread>1</thread>
  <message>Hello logging: 13</message>
</record>
<record>
  <date>2022-12-19T05:07:37.301959Z</date>
  <millis>1671426457301</millis>
  <nanos>959000</nanos>
  <sequence>1</sequence>
  <logger>zadacha_002</logger>
  <level>INFO</level>
  <class>zadacha_002</class>
  <method>main</method>
  <thread>1</thread>
  <message>Hello logging: 19</message>
</record>
<record>
  <date>2022-12-19T05:07:37.303175Z</date>
  <millis>1671426457303</millis>
  <nanos>175000</nanos>
  <sequence>2</sequence>
  <logger>zadacha_002</logger>
  <level>INFO</level>
  <class>zadacha_002</class>
  <method>main</method>
  <thread>1</thread>
  <message>Hello logging: 19</message>
</record>
<record>
  <date>2022-12-19T05:07:37.303976Z</date>
  <millis>1671426457303</millis>
  <nanos>976000</nanos>
  <sequence>3</sequence>
  <logger>zadacha_002</logger>
  <level>INFO</level>
  <class>zadacha_002</class>
  <method>main</method>
  <thread>1</thread>
  <message>Hello logging: 19</message>
</record>
<record>
  <date>2022-12-19T05:07:37.304675Z</date>
  <millis>1671426457304</millis>
  <nanos>675000</nanos>
  <sequence>4</sequence>
  <logger>zadacha_002</logger>
  <level>INFO</level>
  <class>zadacha_002</class>
  <method>main</method>
  <thread>1</thread>
  <message>Hello logging: 19</message>
</record>
<record>
  <date>2022-12-19T05:07:37.305275Z</date>
  <millis>1671426457305</millis>
  <nanos>275000</nanos>
  <sequence>5</sequence>
  <logger>zadacha_002</logger>
  <level>INFO</level>
  <class>zadacha_002</class>
  <method>main</method>
  <thread>1</thread>
  <message>Hello logging: 8</message>
</record>
<record>
  <date>2022-12-19T05:07:37.305972Z</date>
  <millis>1671426457305</millis>
  <nanos>972000</nanos>
  <sequence>6</sequence>
  <logger>zadacha_002</logger>
  <level>INFO</level>
  <class>zadacha_002</class>
  <method>main</method>
  <thread>1</thread>
  <message>Hello logging: 13</message>
</record>
<record>
  <date>2022-12-19T05:07:37.306541Z</date>
  <millis>1671426457306</millis>
  <nanos>541000</nanos>
  <sequence>7</sequence>
  <logger>zadacha_002</logger>
  <level>INFO</level>
  <class>zadacha_002</class>
  <method>main</method>
  <thread>1</thread>
  <message>Hello logging: 13</message>
</record>
<record>
  <date>2022-12-19T05:07:37.307097Z</date>
  <millis>1671426457307</millis>
  <nanos>97000</nanos>
  <sequence>8</sequence>
  <logger>zadacha_002</logger>
  <level>INFO</level>
  <class>zadacha_002</class>
  <method>main</method>
  <thread>1</thread>
  <message>Hello logging: 13</message>
</record>
<record>
  <date>2022-12-19T05:07:37.307627Z</date>
  <millis>1671426457307</millis>
  <nanos>627000</nanos>
  <sequence>9</sequence>
  <logger>zadacha_002</logger>
  <level>INFO</level>
  <class>zadacha_002</class>
  <method>main</method>
  <thread>1</thread>
  <message>Hello logging: 7</message>
</record>
<record>
  <date>2022-12-19T05:07:37.308167Z</date>
  <millis>1671426457308</millis>
  <nanos>167000</nanos>
  <sequence>10</sequence>
  <logger>zadacha_002</logger>
  <level>INFO</level>
  <class>zadacha_002</class>
  <method>main</method>
  <thread>1</thread>
  <message>Hello logging: 13</message>
</record>
<record>
  <date>2022-12-19T05:07:37.308686Z</date>
  <millis>1671426457308</millis>
  <nanos>686000</nanos>
  <sequence>11</sequence>
  <logger>zadacha_002</logger>
  <level>INFO</level>
  <class>zadacha_002</class>
  <method>main</method>
  <thread>1</thread>
  <message>Hello logging: 13</message>
</record>
<record>
  <date>2022-12-19T05:07:37.309290Z</date>
  <millis>1671426457309</millis>
  <nanos>290000</nanos>
  <sequence>12</sequence>
  <logger>zadacha_002</logger>
  <level>INFO</level>
  <class>zadacha_002</class>
  <method>main</method>
  <thread>1</thread>
  <message>Hello logging: 13</message>
</record>
<record>
  <date>2022-12-19T05:07:37.310422Z</date>
  <millis>1671426457310</millis>
  <nanos>422000</nanos>
  <sequence>13</sequence>
  <logger>zadacha_002</logger>
  <level>INFO</level>
  <class>zadacha_002</class>
  <method>main</method>
  <thread>1</thread>
  <message>Hello logging: 11</message>
</record>
<record>
  <date>2022-12-19T05:07:37.311026Z</date>
  <millis>1671426457311</millis>
  <nanos>26000</nanos>
  <sequence>14</sequence>
  <logger>zadacha_002</logger>
  <level>INFO</level>
  <class>zadacha_002</class>
  <method>main</method>
  <thread>1</thread>
  <message>Hello logging: 11</message>
</record>
<record>
  <date>2022-12-19T05:07:37.312140Z</date>
  <millis>1671426457312</millis>
  <nanos>140000</nanos>
  <sequence>15</sequence>
  <logger>zadacha_002</logger>
  <level>INFO</level>
  <class>zadacha_002</class>
  <method>main</method>
  <thread>1</thread>
  <message>Hello logging: 8</message>
</record>
<record>
  <date>2022-12-19T05:07:37.312806Z</date>
  <millis>1671426457312</millis>
  <nanos>806000</nanos>
  <sequence>16</sequence>
  <logger>zadacha_002</logger>
  <level>INFO</level>
  <class>zadacha_002</class>
  <method>main</method>
  <thread>1</thread>
  <message>Hello logging: 7</message>
</record>
<record>
  <date>2022-12-19T05:07:37.313591Z</date>
  <millis>1671426457313</millis>
  <nanos>591000</nanos>
  <sequence>17</sequence>
  <logger>zadacha_002</logger>
  <level>INFO</level>
  <class>zadacha_002</class>
  <method>main</method>
  <thread>1</thread>
  <message>Hello logging: 4</message>
</record>
</log>
